[debug] [2020-07-03T21:13:18.585Z] ----------------------------------------------------------------------
[debug] [2020-07-03T21:13:18.586Z] Command:       /home/victor/.nvm/versions/node/v12.10.0/bin/node /home/victor/.nvm/versions/node/v12.10.0/bin/firebase emulators:start
[debug] [2020-07-03T21:13:18.587Z] CLI Version:   8.4.3
[debug] [2020-07-03T21:13:18.587Z] Platform:      linux
[debug] [2020-07-03T21:13:18.587Z] Node Version:  v12.10.0
[debug] [2020-07-03T21:13:18.587Z] Time:          Fri Jul 03 2020 18:13:18 GMT-0300 (Brasilia Standard Time)
[debug] [2020-07-03T21:13:18.587Z] ----------------------------------------------------------------------
[debug] [2020-07-03T21:13:18.587Z] 
[debug] [2020-07-03T21:13:18.590Z] > command requires scopes: ["email","openid","https://www.googleapis.com/auth/cloudplatformprojects.readonly","https://www.googleapis.com/auth/firebase","https://www.googleapis.com/auth/cloud-platform"]
[debug] [2020-07-03T21:13:18.591Z] > authorizing via signed-in user
[info] i  emulators: Starting emulators: functions, firestore, database, hosting, pubsub {"metadata":{"emulator":{"name":"hub"},"message":"Starting emulators: functions, firestore, database, hosting, pubsub"}}
[debug] [2020-07-03T21:13:18.600Z] [hub] writing locator at /tmp/hub-poke-do-list.json
[warn] ⚠  Your requested "node" version "8" doesn't match your global version "12" {"metadata":{"emulator":{"name":"functions"},"message":"Your requested \"node\" version \"8\" doesn't match your global version \"12\""}}
[debug] [2020-07-03T21:13:18.613Z] Ignoring unsupported arg: projectId {"metadata":{"emulator":{"name":"firestore"},"message":"Ignoring unsupported arg: projectId"}}
[debug] [2020-07-03T21:13:18.614Z] Ignoring unsupported arg: auto_download {"metadata":{"emulator":{"name":"firestore"},"message":"Ignoring unsupported arg: auto_download"}}
[debug] [2020-07-03T21:13:18.614Z] Starting Firestore Emulator with command {"binary":"java","args":["-Duser.language=en","-jar","/home/victor/.cache/firebase/emulators/cloud-firestore-emulator-v1.11.4.jar","--host","localhost","--port",8081,"--rules","/home/victor/dev/ionic_projects/poke-list/firestore.rules","--functions_emulator","localhost:5000"],"optionalArgs":["port","webchannel_port","host","rules","functions_emulator","seed_from_export"],"joinArgs":false} {"metadata":{"emulator":{"name":"firestore"},"message":"Starting Firestore Emulator with command {\"binary\":\"java\",\"args\":[\"-Duser.language=en\",\"-jar\",\"/home/victor/.cache/firebase/emulators/cloud-firestore-emulator-v1.11.4.jar\",\"--host\",\"localhost\",\"--port\",8081,\"--rules\",\"/home/victor/dev/ionic_projects/poke-list/firestore.rules\",\"--functions_emulator\",\"localhost:5000\"],\"optionalArgs\":[\"port\",\"webchannel_port\",\"host\",\"rules\",\"functions_emulator\",\"seed_from_export\"],\"joinArgs\":false}"}}
[info] i  firestore: Firestore Emulator logging to firestore-debug.log {"metadata":{"emulator":{"name":"firestore"},"message":"Firestore Emulator logging to \u001b[1mfirestore-debug.log\u001b[22m"}}
[debug] [2020-07-03T21:13:19.242Z] API endpoint: http://localhost {"metadata":{"emulator":{"name":"firestore"},"message":"API endpoint: http://localhost"}}
[debug] [2020-07-03T21:13:19.242Z] :8081
If you are using a library that supports the FIRESTORE_EMULATOR_HOST environment variable, run:

   export FIRESTORE_EMULATOR_HOST=localhost:8081

Dev App Server is now running.

 {"metadata":{"emulator":{"name":"firestore"},"message":":8081\nIf you are using a library that supports the FIRESTORE_EMULATOR_HOST environment variable, run:\n\n   export FIRESTORE_EMULATOR_HOST=localhost:8081\n\nDev App Server is now running.\n\n"}}
[debug] [2020-07-03T21:13:19.376Z] database rules config:  []
[warn] ⚠  database: Did not find a Realtime Database rules file specified in a firebase.json config file. The emulator will default to allowing all reads and writes. Learn more about this option: https://firebase.google.com/docs/emulator-suite/install_and_configure#security_rules_configuration. {"metadata":{"emulator":{"name":"database"},"message":"Did not find a Realtime Database rules file specified in a firebase.json config file. The emulator will default to allowing all reads and writes. Learn more about this option: https://firebase.google.com/docs/emulator-suite/install_and_configure#security_rules_configuration."}}
[debug] [2020-07-03T21:13:19.380Z] Ignoring unsupported arg: projectId {"metadata":{"emulator":{"name":"database"},"message":"Ignoring unsupported arg: projectId"}}
[debug] [2020-07-03T21:13:19.380Z] Ignoring unsupported arg: auto_download {"metadata":{"emulator":{"name":"database"},"message":"Ignoring unsupported arg: auto_download"}}
[debug] [2020-07-03T21:13:19.380Z] Ignoring unsupported arg: rules {"metadata":{"emulator":{"name":"database"},"message":"Ignoring unsupported arg: rules"}}
[debug] [2020-07-03T21:13:19.381Z] Starting Database Emulator with command {"binary":"java","args":["-Duser.language=en","-jar","/home/victor/.cache/firebase/emulators/firebase-database-emulator-v4.5.0.jar","--host","localhost","--port",9001,"--functions_emulator_host","localhost","--functions_emulator_port",5000],"optionalArgs":["port","host","functions_emulator_port","functions_emulator_host"],"joinArgs":false} {"metadata":{"emulator":{"name":"database"},"message":"Starting Database Emulator with command {\"binary\":\"java\",\"args\":[\"-Duser.language=en\",\"-jar\",\"/home/victor/.cache/firebase/emulators/firebase-database-emulator-v4.5.0.jar\",\"--host\",\"localhost\",\"--port\",9001,\"--functions_emulator_host\",\"localhost\",\"--functions_emulator_port\",5000],\"optionalArgs\":[\"port\",\"host\",\"functions_emulator_port\",\"functions_emulator_host\"],\"joinArgs\":false}"}}
[info] i  database: Database Emulator logging to database-debug.log {"metadata":{"emulator":{"name":"database"},"message":"Database Emulator logging to \u001b[1mdatabase-debug.log\u001b[22m"}}
[debug] [2020-07-03T21:13:19.845Z] WARNING: An illegal reflective access operation has occurred
WARNING: Illegal reflective access by io.netty.util.internal.ReflectionUtil (file:/home/victor/.cache/firebase/emulators/firebase-database-emulator-v4.5.0.jar) to field sun.nio.ch.SelectorImpl.selectedKeys
WARNING: Please consider reporting this to the maintainers of io.netty.util.internal.ReflectionUtil
WARNING: Use --illegal-access=warn to enable warnings of further illegal reflective access operations
WARNING: All illegal access operations will be denied in a future release
 {"metadata":{"emulator":{"name":"database"},"message":"WARNING: An illegal reflective access operation has occurred\nWARNING: Illegal reflective access by io.netty.util.internal.ReflectionUtil (file:/home/victor/.cache/firebase/emulators/firebase-database-emulator-v4.5.0.jar) to field sun.nio.ch.SelectorImpl.selectedKeys\nWARNING: Please consider reporting this to the maintainers of io.netty.util.internal.ReflectionUtil\nWARNING: Use --illegal-access=warn to enable warnings of further illegal reflective access operations\nWARNING: All illegal access operations will be denied in a future release\n"}}
[debug] [2020-07-03T21:13:20.378Z] 18:13:20.376 [NamespaceSystem-akka.actor.default-dispatcher-5] INFO akka.event.slf4j.Slf4jLogger - Slf4jLogger started
 {"metadata":{"emulator":{"name":"database"},"message":"18:13:20.376 [NamespaceSystem-akka.actor.default-dispatcher-5] INFO akka.event.slf4j.Slf4jLogger - Slf4jLogger started\n"}}
[debug] [2020-07-03T21:13:20.501Z] 18:13:20.500 [main] INFO com.firebase.server.forge.App$ - Listening at localhost:9001
 {"metadata":{"emulator":{"name":"database"},"message":"18:13:20.500 [main] INFO com.firebase.server.forge.App$ - Listening at localhost:9001\n"}}
[debug] [2020-07-03T21:13:20.652Z] > refreshing access token with scopes: ["email","https://www.googleapis.com/auth/cloud-platform","https://www.googleapis.com/auth/cloudplatformprojects.readonly","https://www.googleapis.com/auth/firebase","openid"]
[debug] [2020-07-03T21:13:20.652Z] >>> HTTP REQUEST POST https://www.googleapis.com/oauth2/v3/token  
 <request body omitted>
[debug] [2020-07-03T21:13:20.881Z] <<< HTTP RESPONSE 200 {"content-type":"application/json; charset=utf-8","vary":"X-Origin, Referer, Origin,Accept-Encoding","date":"Fri, 03 Jul 2020 21:13:20 GMT","server":"scaffolding on HTTPServer2","cache-control":"private","x-xss-protection":"0","x-frame-options":"SAMEORIGIN","x-content-type-options":"nosniff","alt-svc":"h3-29=\":443\"; ma=2592000,h3-27=\":443\"; ma=2592000,h3-25=\":443\"; ma=2592000,h3-T050=\":443\"; ma=2592000,h3-Q050=\":443\"; ma=2592000,h3-Q046=\":443\"; ma=2592000,h3-Q043=\":443\"; ma=2592000,quic=\":443\"; ma=2592000; v=\"46,43\"","accept-ranges":"none","transfer-encoding":"chunked"}
[debug] [2020-07-03T21:13:20.888Z] >>> HTTP REQUEST GET https://firebase.googleapis.com/v1beta1/projects/poke-do-list/webApps/-/config  
 
[debug] [2020-07-03T21:13:22.398Z] <<< HTTP RESPONSE 200 {"content-type":"application/json; charset=UTF-8","vary":"X-Origin, Referer, Origin,Accept-Encoding","date":"Fri, 03 Jul 2020 21:13:22 GMT","server":"ESF","cache-control":"private","x-xss-protection":"0","x-frame-options":"SAMEORIGIN","x-content-type-options":"nosniff","alt-svc":"h3-29=\":443\"; ma=2592000,h3-27=\":443\"; ma=2592000,h3-25=\":443\"; ma=2592000,h3-T050=\":443\"; ma=2592000,h3-Q050=\":443\"; ma=2592000,h3-Q046=\":443\"; ma=2592000,h3-Q043=\":443\"; ma=2592000,quic=\":443\"; ma=2592000; v=\"46,43\"","accept-ranges":"none","transfer-encoding":"chunked"}
[info] i  hosting: Serving hosting files from: build {"metadata":{"emulator":{"name":"hosting"},"message":"Serving hosting files from: \u001b[1mbuild\u001b[22m"}}
[info] ✔  hosting: Local server: http://localhost:5001 {"metadata":{"emulator":{"name":"hosting"},"message":"Local server: \u001b[4m\u001b[1mhttp://localhost:5001\u001b[22m\u001b[24m"}}
[debug] [2020-07-03T21:13:22.444Z] Ignoring unsupported arg: projectId {"metadata":{"emulator":{"name":"pubsub"},"message":"Ignoring unsupported arg: projectId"}}
[debug] [2020-07-03T21:13:22.445Z] Ignoring unsupported arg: auto_download {"metadata":{"emulator":{"name":"pubsub"},"message":"Ignoring unsupported arg: auto_download"}}
[debug] [2020-07-03T21:13:22.445Z] Starting Pub/Sub Emulator with command {"binary":"/home/victor/.cache/firebase/emulators/pubsub-emulator-0.1.0/pubsub-emulator/bin/cloud-pubsub-emulator","args":["--host=localhost","--port=8085"],"optionalArgs":["port","host"],"joinArgs":true} {"metadata":{"emulator":{"name":"pubsub"},"message":"Starting Pub/Sub Emulator with command {\"binary\":\"/home/victor/.cache/firebase/emulators/pubsub-emulator-0.1.0/pubsub-emulator/bin/cloud-pubsub-emulator\",\"args\":[\"--host=localhost\",\"--port=8085\"],\"optionalArgs\":[\"port\",\"host\"],\"joinArgs\":true}"}}
[info] i  pubsub: Pub/Sub Emulator logging to pubsub-debug.log {"metadata":{"emulator":{"name":"pubsub"},"message":"Pub/Sub Emulator logging to \u001b[1mpubsub-debug.log\u001b[22m"}}
[debug] [2020-07-03T21:13:22.574Z] This is the Google Pub/Sub fake.
Implementation may be incomplete or differ from the real system.
 {"metadata":{"emulator":{"name":"pubsub"},"message":"This is the Google Pub/Sub fake.\nImplementation may be incomplete or differ from the real system.\n"}}
[debug] [2020-07-03T21:13:22.607Z] jul 03, 2020 6:13:22 PM com.google.cloud.pubsub.testing.v1.Main main
INFO: IAM integration is disabled. IAM policy methods and ACL checks are not supported
 {"metadata":{"emulator":{"name":"pubsub"},"message":"jul 03, 2020 6:13:22 PM com.google.cloud.pubsub.testing.v1.Main main\nINFO: IAM integration is disabled. IAM policy methods and ACL checks are not supported\n"}}
[debug] [2020-07-03T21:13:23.093Z] jul 03, 2020 6:13:23 PM io.gapi.emulators.netty.NettyUtil applyJava7LongHostnameWorkaround
INFO: Applied Java 7 long hostname workaround.
 {"metadata":{"emulator":{"name":"pubsub"},"message":"jul 03, 2020 6:13:23 PM io.gapi.emulators.netty.NettyUtil applyJava7LongHostnameWorkaround\nINFO: Applied Java 7 long hostname workaround.\n"}}
[debug] [2020-07-03T21:13:23.143Z] jul 03, 2020 6:13:23 PM com.google.cloud.pubsub.testing.v1.Main main
INFO: Server started, listening on 8085
 {"metadata":{"emulator":{"name":"pubsub"},"message":"jul 03, 2020 6:13:23 PM com.google.cloud.pubsub.testing.v1.Main main\nINFO: Server started, listening on 8085\n"}}
[info] i  ui: downloading ui-v1.1.0.zip... {"metadata":{"emulator":{"name":"ui"},"message":"downloading ui-v1.1.0.zip..."}}
[debug] [2020-07-03T21:13:23.322Z] jul 03, 2020 6:13:23 PM io.gapi.emulators.grpc.GrpcServer$3 operationComplete
INFO: Adding handler(s) to newly registered Channel.
 {"metadata":{"emulator":{"name":"pubsub"},"message":"jul 03, 2020 6:13:23 PM io.gapi.emulators.grpc.GrpcServer$3 operationComplete\nINFO: Adding handler(s) to newly registered Channel.\n"}}
[debug] [2020-07-03T21:13:23.995Z] Ignoring unsupported arg: auto_download {"metadata":{"emulator":{"name":"ui"},"message":"Ignoring unsupported arg: auto_download"}}
[debug] [2020-07-03T21:13:23.995Z] Ignoring unsupported arg: port {"metadata":{"emulator":{"name":"ui"},"message":"Ignoring unsupported arg: port"}}
[debug] [2020-07-03T21:13:23.995Z] Starting Emulator UI with command {"binary":"node","args":["/home/victor/.cache/firebase/emulators/ui-v1.1.0/server.bundle.js"],"optionalArgs":[],"joinArgs":false} {"metadata":{"emulator":{"name":"ui"},"message":"Starting Emulator UI with command {\"binary\":\"node\",\"args\":[\"/home/victor/.cache/firebase/emulators/ui-v1.1.0/server.bundle.js\"],\"optionalArgs\":[],\"joinArgs\":false}"}}
[info] i  ui: Emulator UI logging to ui-debug.log {"metadata":{"emulator":{"name":"ui"},"message":"Emulator UI logging to \u001b[1mui-debug.log\u001b[22m"}}
[debug] [2020-07-03T21:13:24.055Z] Web / API server started at http://localhost:4000
 {"metadata":{"emulator":{"name":"ui"},"message":"Web / API server started at http://localhost:4000\n"}}
[info] i  functions: Watching "/home/victor/dev/ionic_projects/poke-list/functions" for Cloud Functions... {"metadata":{"emulator":{"name":"functions"},"message":"Watching \"/home/victor/dev/ionic_projects/poke-list/functions\" for Cloud Functions..."}}
[debug] [2020-07-03T21:13:24.270Z] [worker-pool] addWorker(~diagnostic~) {"metadata":{"emulator":{"name":"functions"},"message":"[worker-pool] addWorker(~diagnostic~)"}}
[debug] [2020-07-03T21:13:24.270Z] [worker-pool] Adding worker with key ~diagnostic~, total=1 {"metadata":{"emulator":{"name":"functions"},"message":"[worker-pool] Adding worker with key ~diagnostic~, total=1"}}
[debug] [2020-07-03T21:13:24.271Z] [worker-pool] submitWork(triggerId=) {"metadata":{"emulator":{"name":"functions"},"message":"[worker-pool] submitWork(triggerId=)"}}
[debug] [2020-07-03T21:13:24.272Z] [worker-~diagnostic~-27cecdda-9cae-4648-9646-16221514bdc2]: Assigning socketPath: /tmp/fire_emu_3577.sock {"metadata":{"emulator":{"name":"functions"},"message":"[worker-~diagnostic~-27cecdda-9cae-4648-9646-16221514bdc2]: Assigning socketPath: /tmp/fire_emu_3577.sock"}}
[debug] [2020-07-03T21:13:24.272Z] [worker-~diagnostic~-27cecdda-9cae-4648-9646-16221514bdc2]: BUSY {"metadata":{"emulator":{"name":"functions"},"message":"[worker-~diagnostic~-27cecdda-9cae-4648-9646-16221514bdc2]: BUSY"}}
[debug] [2020-07-03T21:13:24.424Z] [runtime-status] [3577] Functions runtime initialized. {"cwd":"/home/victor/dev/ionic_projects/poke-list/functions","node_version":"12.10.0"} {"metadata":{"emulator":{"name":"functions"},"message":"[runtime-status] [3577] Functions runtime initialized. {\"cwd\":\"/home/victor/dev/ionic_projects/poke-list/functions\",\"node_version\":\"12.10.0\"}"}}
[debug] [2020-07-03T21:13:24.425Z] [runtime-status] [3577] Disabled runtime features: undefined {"metadata":{"emulator":{"name":"functions"},"message":"[runtime-status] [3577] Disabled runtime features: undefined"}}
[debug] [2020-07-03T21:13:24.426Z] [runtime-status] [3577] Resolved module firebase-admin {"declared":true,"installed":true,"version":"8.9.2","resolution":"/home/victor/dev/ionic_projects/poke-list/functions/node_modules/firebase-admin/lib/index.js"} {"metadata":{"emulator":{"name":"functions"},"message":"[runtime-status] [3577] Resolved module firebase-admin {\"declared\":true,\"installed\":true,\"version\":\"8.9.2\",\"resolution\":\"/home/victor/dev/ionic_projects/poke-list/functions/node_modules/firebase-admin/lib/index.js\"}"}}
[debug] [2020-07-03T21:13:24.427Z] [runtime-status] [3577] Resolved module firebase-functions {"declared":true,"installed":true,"version":"3.3.0","resolution":"/home/victor/dev/ionic_projects/poke-list/functions/node_modules/firebase-functions/lib/index.js"} {"metadata":{"emulator":{"name":"functions"},"message":"[runtime-status] [3577] Resolved module firebase-functions {\"declared\":true,\"installed\":true,\"version\":\"3.3.0\",\"resolution\":\"/home/victor/dev/ionic_projects/poke-list/functions/node_modules/firebase-functions/lib/index.js\"}"}}
[debug] [2020-07-03T21:13:24.427Z] [runtime-status] [3577] Set PUBSUB_EMULATOR_HOST to localhost:8085 {"metadata":{"emulator":{"name":"functions"},"message":"[runtime-status] [3577] Set PUBSUB_EMULATOR_HOST to localhost:8085"}}
[debug] [2020-07-03T21:13:24.428Z] [runtime-status] [3577] Outgoing network have been stubbed. [{"name":"http","status":"mocked"},{"name":"http","status":"mocked"},{"name":"https","status":"mocked"},{"name":"https","status":"mocked"},{"name":"net","status":"mocked"}] {"metadata":{"emulator":{"name":"functions"},"message":"[runtime-status] [3577] Outgoing network have been stubbed. [{\"name\":\"http\",\"status\":\"mocked\"},{\"name\":\"http\",\"status\":\"mocked\"},{\"name\":\"https\",\"status\":\"mocked\"},{\"name\":\"https\",\"status\":\"mocked\"},{\"name\":\"net\",\"status\":\"mocked\"}]"}}
[debug] [2020-07-03T21:13:24.428Z] [runtime-status] [3577] Resolved module firebase-functions {"declared":true,"installed":true,"version":"3.3.0","resolution":"/home/victor/dev/ionic_projects/poke-list/functions/node_modules/firebase-functions/lib/index.js"} {"metadata":{"emulator":{"name":"functions"},"message":"[runtime-status] [3577] Resolved module firebase-functions {\"declared\":true,\"installed\":true,\"version\":\"3.3.0\",\"resolution\":\"/home/victor/dev/ionic_projects/poke-list/functions/node_modules/firebase-functions/lib/index.js\"}"}}
[debug] [2020-07-03T21:13:24.470Z] [runtime-status] [3577] Checked functions.config() {"config":{}} {"metadata":{"emulator":{"name":"functions"},"message":"[runtime-status] [3577] Checked functions.config() {\"config\":{}}"}}
[debug] [2020-07-03T21:13:24.470Z] [runtime-status] [3577] firebase-functions has been stubbed. {"functionsResolution":{"declared":true,"installed":true,"version":"3.3.0","resolution":"/home/victor/dev/ionic_projects/poke-list/functions/node_modules/firebase-functions/lib/index.js"}} {"metadata":{"emulator":{"name":"functions"},"message":"[runtime-status] [3577] firebase-functions has been stubbed. {\"functionsResolution\":{\"declared\":true,\"installed\":true,\"version\":\"3.3.0\",\"resolution\":\"/home/victor/dev/ionic_projects/poke-list/functions/node_modules/firebase-functions/lib/index.js\"}}"}}
[debug] [2020-07-03T21:13:24.470Z] [runtime-status] [3577] Resolved module firebase-functions {"declared":true,"installed":true,"version":"3.3.0","resolution":"/home/victor/dev/ionic_projects/poke-list/functions/node_modules/firebase-functions/lib/index.js"} {"metadata":{"emulator":{"name":"functions"},"message":"[runtime-status] [3577] Resolved module firebase-functions {\"declared\":true,\"installed\":true,\"version\":\"3.3.0\",\"resolution\":\"/home/victor/dev/ionic_projects/poke-list/functions/node_modules/firebase-functions/lib/index.js\"}"}}
[debug] [2020-07-03T21:13:24.471Z] [runtime-status] [3577] Resolved module firebase-admin {"declared":true,"installed":true,"version":"8.9.2","resolution":"/home/victor/dev/ionic_projects/poke-list/functions/node_modules/firebase-admin/lib/index.js"} {"metadata":{"emulator":{"name":"functions"},"message":"[runtime-status] [3577] Resolved module firebase-admin {\"declared\":true,\"installed\":true,\"version\":\"8.9.2\",\"resolution\":\"/home/victor/dev/ionic_projects/poke-list/functions/node_modules/firebase-admin/lib/index.js\"}"}}
[debug] [2020-07-03T21:13:24.471Z] [runtime-status] [3577] Resolved module firebase-functions {"declared":true,"installed":true,"version":"3.3.0","resolution":"/home/victor/dev/ionic_projects/poke-list/functions/node_modules/firebase-functions/lib/index.js"} {"metadata":{"emulator":{"name":"functions"},"message":"[runtime-status] [3577] Resolved module firebase-functions {\"declared\":true,\"installed\":true,\"version\":\"3.3.0\",\"resolution\":\"/home/victor/dev/ionic_projects/poke-list/functions/node_modules/firebase-functions/lib/index.js\"}"}}
[debug] [2020-07-03T21:13:24.471Z] [runtime-status] [3577] firebase-admin has been stubbed. {"adminResolution":{"declared":true,"installed":true,"version":"8.9.2","resolution":"/home/victor/dev/ionic_projects/poke-list/functions/node_modules/firebase-admin/lib/index.js"}} {"metadata":{"emulator":{"name":"functions"},"message":"[runtime-status] [3577] firebase-admin has been stubbed. {\"adminResolution\":{\"declared\":true,\"installed\":true,\"version\":\"8.9.2\",\"resolution\":\"/home/victor/dev/ionic_projects/poke-list/functions/node_modules/firebase-admin/lib/index.js\"}}"}}
[warn] ⚠  It looks like you're trying to access functions.config().firebase but there is no value there. You can learn more about setting up config here: https://firebase.google.com/docs/functions/local-emulator {"metadata":{"emulator":{"name":"functions"},"message":"It looks like you're trying to access functions.config().firebase but there is no value there. You can learn more about setting up config here: https://firebase.google.com/docs/functions/local-emulator"}}
[debug] [2020-07-03T21:13:24.585Z] [runtime-status] [3577] initializeApp(DEFAULT) {"databaseURL":"https://poke-do-list.firebaseio.com","storageBucket":"poke-do-list.appspot.com","projectId":"poke-do-list"} {"metadata":{"emulator":{"name":"functions"},"message":"[runtime-status] [3577] initializeApp(DEFAULT) {\"databaseURL\":\"https://poke-do-list.firebaseio.com\",\"storageBucket\":\"poke-do-list.appspot.com\",\"projectId\":\"poke-do-list\"}"}}
[debug] [2020-07-03T21:13:24.778Z] addFirestoreTrigger "{\"eventTrigger\":{\"resource\":\"projects/poke-do-list/databases/(default)/documents/users/{userId}\",\"eventType\":\"providers/cloud.firestore/eventTypes/document.create\",\"service\":\"firestore.googleapis.com\"}}"
[debug] [2020-07-03T21:13:24.778Z] >>> HTTP REQUEST PUT http://localhost:8081/emulator/v1/projects/poke-do-list/triggers/createDefaultProjects  
 {"eventTrigger":{"resource":"projects/poke-do-list/databases/(default)/documents/users/{userId}","eventType":"providers/cloud.firestore/eventTypes/document.create","service":"firestore.googleapis.com"}}
[debug] [2020-07-03T21:13:24.779Z] [worker-~diagnostic~-27cecdda-9cae-4648-9646-16221514bdc2]: IDLE {"metadata":{"emulator":{"name":"functions"},"message":"[worker-~diagnostic~-27cecdda-9cae-4648-9646-16221514bdc2]: IDLE"}}
[debug] [2020-07-03T21:13:24.801Z] Jul 03, 2020 6:13:24 PM io.gapi.emulators.netty.HttpVersionRoutingHandler channelRead
INFO: Detected non-HTTP/2 connection.
 {"metadata":{"emulator":{"name":"firestore"},"message":"Jul 03, 2020 6:13:24 PM io.gapi.emulators.netty.HttpVersionRoutingHandler channelRead\nINFO: Detected non-HTTP/2 connection.\n"}}
[debug] [2020-07-03T21:13:24.925Z] Jul 03, 2020 6:13:24 PM io.gapi.emulators.netty.HttpVersionRoutingHandler channelRead
INFO: Detected HTTP/2 connection.
 {"metadata":{"emulator":{"name":"firestore"},"message":"Jul 03, 2020 6:13:24 PM io.gapi.emulators.netty.HttpVersionRoutingHandler channelRead\nINFO: Detected HTTP/2 connection.\n"}}
[debug] [2020-07-03T21:13:25.329Z] <<< HTTP RESPONSE 200 {"content-type":"application/json","content-length":"4"}
[info] ✔  functions[createDefaultProjects]: firestore function initialized. {"metadata":{"emulator":{"name":"functions"},"message":"\u001b[1mfirestore\u001b[22m function initialized."}}
[info] ✔  functions[getSerialKeyValid]: http function initialized (http://localhost:5000/poke-do-list/us-central1/getSerialKeyValid). {"metadata":{"emulator":{"name":"functions"},"message":"\u001b[1mhttp\u001b[22m function initialized (http://localhost:5000/poke-do-list/us-central1/getSerialKeyValid)."}}
[info] 
┌───────────────────────────────────────────────────────────────────────┐
│ ✔  All emulators ready! View status and logs at http://localhost:4000 │
└───────────────────────────────────────────────────────────────────────┘

┌───────────┬────────────────┬─────────────────────────────────┐
│ Emulator  │ Host:Port      │ View in Emulator UI             │
├───────────┼────────────────┼─────────────────────────────────┤
│ Functions │ localhost:5000 │ http://localhost:4000/functions │
├───────────┼────────────────┼─────────────────────────────────┤
│ Firestore │ localhost:8081 │ http://localhost:4000/firestore │
├───────────┼────────────────┼─────────────────────────────────┤
│ Database  │ localhost:9001 │ http://localhost:4000/database  │
├───────────┼────────────────┼─────────────────────────────────┤
│ Hosting   │ localhost:5001 │ n/a                             │
├───────────┼────────────────┼─────────────────────────────────┤
│ Pub/Sub   │ localhost:8085 │ n/a                             │
└───────────┴────────────────┴─────────────────────────────────┘
  Other reserved ports: 4400, 4500

Issues? Report them at https://github.com/firebase/firebase-tools/issues and attach the *-debug.log files.
 
[debug] [2020-07-03T21:13:34.144Z] Jul 03, 2020 6:13:34 PM io.gapi.emulators.netty.HttpVersionRoutingHandler channelRead
INFO: Detected non-HTTP/2 connection.
 {"metadata":{"emulator":{"name":"firestore"},"message":"Jul 03, 2020 6:13:34 PM io.gapi.emulators.netty.HttpVersionRoutingHandler channelRead\nINFO: Detected non-HTTP/2 connection.\n"}}
[debug] [2020-07-03T21:37:30.515Z] Jul 03, 2020 6:37:30 PM io.gapi.emulators.netty.HttpVersionRoutingHandler channelRead
INFO: Detected non-HTTP/2 connection.
 {"metadata":{"emulator":{"name":"firestore"},"message":"Jul 03, 2020 6:37:30 PM io.gapi.emulators.netty.HttpVersionRoutingHandler channelRead\nINFO: Detected non-HTTP/2 connection.\n"}}
